 
        ______________________________________
       |                                      |
       |               Q M D F F              |
       |          ==================          |
       |              S. Grimme               |
       |       Universitaet Bonn, MCTC        |
       |         2013-14, Version 3.2         |
       |     Fri Feb 13 10:10:08 CET 2015     |
       |______________________________________|
 
        cite this work as:
        S. Grimme, J. Chem. Theor. Comput.
        10 (2014), 4497-4514 (DOI: 10.1021/ct500573f)
 
 use           :
 qmdff <coord_file_name or orca_hess_name> [-options]
 some options  :
 -echo         : stop after FF setup without fit
 -hthr <real>  : Hessian neglect threshold
                 1.e-4 is default, increase to 1.e-3
                 for very large system to save memory
                 with very little accuracy loss
 -athr <real>  : planar/linear cut-off (deg., def: 2)
 -qscal <real> : CM5 charge scaling factor (def: 1.15)
 -hscal <real> : scale Hessian elements (e.g.for HF-3c
                 hscal=0.75)
 -wbothr <real>: consider a neighboring atom as boned
                 if WBO > this threshold
 -md <real>    : do test MD for a time of <real> ps
 -temp <real>  : use a temperature of <real> in NVT MD
 -opt          : Cartesian optimization (preliminary)
 -rd           : read solvent file (for testing)
 -nohess       : skip Hessian calc (in -rd -md runs)
 -an           : read coord1 and coord2 and
                 analyse energy contributions
                 same ordering required!
 -athr
 10
 
 Hessian neglect threshold (au) 0.100E-03
 linear or plane cutoff (deg.)     10.000
 D3                         0.4500            4.0000            2.7000
 HB(N,O,F)                  0.8000            0.3000            0.1000
 HB(P,S,Cl)                 2.0000            2.0000            2.0000
 HB(As,Se,Br)               0.0000            2.0000            2.0000
 HX(Cl,Br,I)                0.3000            0.6000            0.8000
 
  NONB ini ...

 Charges (in a.u.) from CM5PAC (June 22, 2013)
 -----------------------------------------------
 Center     Atomic      CM5         Hirshfeld
 Number     Number      Charge      Charge
 -----------------------------------------------
    1          6       -0.105276    0.000000
    2          6       -0.021412    0.000000
    3          6       -0.097287    0.000000
    4          6       -0.142644    0.000000
    5          6        0.051765    0.000000
    6          8       -0.058002    0.000000
    7          8       -0.090611    0.000000
    8          6       -0.118865    0.000000
    9          6       -0.020873    0.000000
   10          6       -0.104675    0.000000
   11          6       -0.141787    0.000000
   12          6        0.051808    0.000000
   13          8       -0.051873    0.000000
   14          8       -0.090898    0.000000
   15          6       -0.118428    0.000000
   16          6       -0.146421    0.000000
   17          6       -0.146877    0.000000
   18          1        0.059440    0.000000
   19          1        0.054878    0.000000
   20          1        0.059300    0.000000
   21          1        0.062035    0.000000
   22          1        0.051651    0.000000
   23          1        0.053333    0.000000
   24          1        0.055790    0.000000
   25          1        0.059102    0.000000
   26          1        0.061273    0.000000
   27          1        0.059643    0.000000
   28          1        0.058437    0.000000
   29          1        0.058957    0.000000
   30          1        0.058624    0.000000
   31          1        0.055778    0.000000
   32          1        0.054745    0.000000
   33          1        0.059073    0.000000
   34          1        0.060110    0.000000
   35          1        0.060357    0.000000
   36          1        0.049948    0.000000
   37          1        0.053566    0.000000
   38          1        0.051249    0.000000
   39          1        0.049965    0.000000
   40          1        0.054186    0.000000
   41          1        0.050918    0.000000
 -----------------------------------------------

 Dipole moment (in Debye)
 -----------------------------------------------
                 X        Y        Z     Total
 -----------------------------------------------
 CM5         -0.0504  -0.0736   0.1621   0.1850
 Hirshfeld    0.0000   0.0000   0.0000   0.0000
 -----------------------------------------------

             ==============================
             scaling CM5 charges by  1.15
             and as such written to FF file
             ==============================
 
 sum of read atomic charges:  3.469446951953614E-017
 normalizing ...
 sum of used atomic charges:  3.469446951953614E-017
 
 
           =================
           topology analysis
           =================
   #   Z           coordinates           CN   q   hyb/lin/metbond   neighbors
   1   6  -0.46267   3.66572   1.65960  4.08 -0.121    3 0 0     18  19  17   2
   2   6  -1.98630   1.91896  -0.13622  4.07 -0.025    3 0 0      5   4   1   3
   3   6  -1.67175  -0.93302   0.61653  4.17 -0.112    3 0 0     21  20   9   2
   4   6  -4.83981   2.50693   0.08994  4.09 -0.164    3 0 0     24  23  22   2
   5   6  -1.08715   2.33447  -2.85431  3.19  0.060    2 0 0      6   7   2
   6   8   0.95604   3.22935  -3.47765  1.05 -0.067    2 0 0      5
   7   8  -2.83190   1.52487  -4.56833  2.04 -0.104    3 0 0      5   8
   8   6  -2.05230   1.75122  -7.16985  4.05 -0.137    3 0 0     25  26  27   7
   9   6   0.71478  -2.53235  -0.08772  4.07 -0.024    3 0 0     12  11  10   3
  10   6   3.23118  -1.30673   0.80445  4.08 -0.120    3 0 0     28  29  16   9
  11   6   0.82406  -3.15194  -2.93175  4.08 -0.163    3 0 0     31  30  32   9
  12   6   0.36410  -5.05005   1.33414  3.21  0.060    2 0 0     13  14   9
  13   8   0.05959  -7.12623   0.37186  1.05 -0.060    2 0 0     12
  14   8   0.43626  -4.69676   3.89352  2.04 -0.105    3 0 0     12  15
  15   6   0.12397  -6.97970   5.34662  4.05 -0.136    3 0 0     33  35  34  14
  16   6   5.54959  -3.02931   0.57681  4.01 -0.168    3 0 0     38  36  37  10
  17   6  -0.85174   6.50860   1.26261  4.01 -0.169    3 0 0     40  41  39   1
  18   1   1.56055   3.24774   1.46056  1.00  0.068    0 0 0      1
  19   1  -0.99307   3.14736   3.61231  1.00  0.063    0 0 0      1
  20   1  -3.30781  -1.96083  -0.17366  1.00  0.068    0 0 0      3
  21   1  -1.88697  -0.98778   2.69016  1.00  0.071    0 0 0      3
  22   1  -5.45019   2.23704   2.06456  1.00  0.059    0 0 0      4
  23   1  -5.26720   4.46687  -0.45639  1.00  0.061    0 0 0      4
  24   1  -5.95953   1.24993  -1.12611  1.00  0.064    0 0 0      4
  25   1  -3.72573   1.26999  -8.29649  0.99  0.068    0 0 0      8
  26   1  -1.40660   3.68511  -7.57769  0.99  0.070    0 0 0      8
  27   1  -0.49815   0.42747  -7.57983  0.99  0.069    0 0 0      8
  28   1   3.01480  -0.70553   2.78785  1.00  0.067    0 0 0     10
  29   1   3.53275   0.40829  -0.34042  1.00  0.068    0 0 0     10
  30   1   1.51308  -1.51241  -4.00599  1.00  0.067    0 0 0     11
  31   1   2.10450  -4.74929  -3.28231  1.00  0.064    0 0 0     11
  32   1  -1.04816  -3.69923  -3.65305  1.00  0.063    0 0 0     11
  33   1   0.25290  -6.39850   7.33354  0.99  0.068    0 0 0     15
  34   1  -1.72290  -7.85495   4.95449  0.99  0.069    0 0 0     15
  35   1   1.61586  -8.35414   4.88306  0.99  0.069    0 0 0     15
  36   1   7.25611  -2.04168   1.24449  1.00  0.057    0 0 0     16
  37   1   5.33838  -4.75682   1.72395  1.00  0.062    0 0 0     16
  38   1   5.89474  -3.61234  -1.39129  1.00  0.059    0 0 0     16
  39   1   0.38700   7.58607   2.54309  1.00  0.057    0 0 0     17
  40   1  -0.36577   7.05812  -0.68493  1.00  0.062    0 0 0     17
  41   1  -2.80798   7.10800   1.64747  1.00  0.059    0 0 0     17
 
 monopole moment for charges used (au/Debye):    0.08371   0.21277
 reading from ... dimer_nm.out
           1  molecular fragments found
11111111111111111111111111111111111111111
     directly bonded atoms
  pair distance (Ang.) Rcov  WBO
   2   1      1.552   1.50   0.98
   3   2      1.570   1.50   0.96
   4   2      1.546   1.50   0.98
   5   2      1.531   1.50   0.94
   6   5      1.226   1.39   1.72
   7   5      1.363   1.39   1.02
   8   7      1.442   1.39   0.88
   9   3      1.565   1.50   0.96
  10   9      1.555   1.50   0.97
  11   9      1.541   1.50   0.99
  12   9      1.541   1.50   0.92
  13  12      1.222   1.39   1.81
  14  12      1.368   1.39   1.01
  15  14      1.442   1.39   0.89
  16  10      1.533   1.50   1.00
  17   1      1.533   1.50   1.01
  18   1      1.098   1.07   0.92
  19   1      1.105   1.07   0.93
  20   3      1.105   1.07   0.92
  21   3      1.104   1.07   0.91
  22   4      1.103   1.07   0.95
  23   4      1.100   1.07   0.95
  24   4      1.099   1.07   0.94
  25   8      1.097   1.07   0.95
  26   8      1.100   1.07   0.94
  27   8      1.102   1.07   0.94
  28  10      1.103   1.07   0.93
  29  10      1.103   1.07   0.91
  30  11      1.099   1.07   0.93
  31  11      1.099   1.07   0.94
  32  11      1.101   1.07   0.95
  33  15      1.098   1.07   0.95
  34  15      1.101   1.07   0.94
  35  15      1.101   1.07   0.94
  36  16      1.102   1.07   0.96
  37  16      1.103   1.07   0.95
  38  16      1.101   1.07   0.95
  39  17      1.102   1.07   0.95
  40  17      1.101   1.07   0.95
  41  17      1.102   1.07   0.95
smallest distance considered as NCI for :  29  18    3.90    2.06
 
 
           ========
           FF setup
           ========
 
  bthr, skiplin13    5.00000000000000      F
           0  HB terms
           0  XB terms
 computing torsion potentials by TB for rotatable bonds ...
pair    2   1  barrier (kcal) :  4.61   %MAD(fit): 16.7 fit pot used? T
pair    3   2  barrier (kcal) :  4.80   %MAD(fit): 64.3 fit pot used? T
pair    4   2  barrier (kcal) :  4.29   %MAD(fit): 16.0 fit pot used? T
pair    5   2  barrier (kcal) :  1.72   %MAD(fit): 70.2 fit pot used? T
pair    7   5  barrier (kcal) :  8.85   %MAD(fit):  3.6 fit pot used? T
pair    8   7  barrier (kcal) :  1.64   %MAD(fit): 33.8 fit pot used? T
pair    9   3  barrier (kcal) :  4.10   %MAD(fit): 19.5 fit pot used? T
pair   10   9  barrier (kcal) :  4.46   %MAD(fit): 29.2 fit pot used? T
pair   11   9  barrier (kcal) :  4.21   %MAD(fit): 51.9 fit pot used? T
pair   12   9  barrier (kcal) :  3.48   %MAD(fit): 38.4 fit pot used? T
pair   14  12  barrier (kcal) :  8.38   %MAD(fit):  1.0 fit pot used? T
pair   15  14  barrier (kcal) :  1.59   %MAD(fit):  4.7 fit pot used? T
pair   16  10  barrier (kcal) :  3.08   %MAD(fit):  2.8 fit pot used? T
pair   17   1  barrier (kcal) :  3.10   %MAD(fit): 11.1 fit pot used? T
largest distance considered as covalent stretch :    5.21    2.76
 local symmetry analysis (rotable bonds) ...
rotation on atom   2 symmetrizes:   3   4   5
rotation on atom   1 symmetrizes:  18  19
rotation on atom   3 symmetrizes:  20  21
rotation on atom   2 symmetrizes:   1   4   5
rotation on atom   4 symmetrizes:  22  23  24
rotation on atom   2 symmetrizes:   1   3   5
rotation on atom   2 symmetrizes:   1   3   4
rotation on atom   8 symmetrizes:  25  26  27
rotation on atom   9 symmetrizes:  10  11  12
rotation on atom   3 symmetrizes:  20  21
rotation on atom  10 symmetrizes:  28  29
rotation on atom   9 symmetrizes:   3  11  12
rotation on atom  11 symmetrizes:  30  31  32
rotation on atom   9 symmetrizes:   3  10  12
rotation on atom   9 symmetrizes:   3  10  11
rotation on atom  15 symmetrizes:  33  34  35
rotation on atom  16 symmetrizes:  36  37  38
rotation on atom  10 symmetrizes:  28  29
rotation on atom  17 symmetrizes:  39  40  41
rotation on atom   1 symmetrizes:  18  19
 ff_set done.
 
         284  terms. bond, angle, tors:         114          74          96
         706  non-covalent terms
 intramolecular non-bonding energies
 Enci      (Re)= -8.772932885105472E-003
 EHB       (Re)=  0.000000000000000E+000
 Enci ES   (Re)= -2.652533420290744E-003
 Enci DISP (Re)= -3.344377698658803E-002
 Enci REP  (Re)=  2.732337752177336E-002
 
           =======================
           Levenberg-Marquardt fit
           =======================
         190  parameters to determine
  # OMP threads =          20
        3876  data points
 50.83 % of full Hessian
 memory requirements (Gb)  5.621388554573059E-003
 
 computing dH/dFC ...
iter    1 RMSD =   12.737329 change ************
iter    2 RMSD =    0.037172 change    -341.6574
iter    3 RMSD =    0.036762 change      -0.0112
iter    4 RMSD =    0.036762 change      -0.0000
 hfit completed.
 removing small FCs ...
 bonds  old,new         114         114
 angles old,new          74          74
 tors   old,new          96          96
 # tors FCs < 0           0
 # tors FCs > 1           0
 E(Re,bonded only)=  3.974998466207965E-003
 G(Re,bonded only)=  0.206599765007043     
 
           =============
           Hessian check
           =============
 
 vibrational frequencies from projected FF Hessian
freq.   1-   6:     -28.31    -0.00    -0.00    -0.00     0.00     0.00
freq.   7-  12:       0.00     5.62    35.75    67.76    95.90   105.53
freq.  13-  18:     114.48   123.60   134.12   147.40   165.67   172.67
freq.  19-  24:     178.83   191.60   208.23   235.39   237.45   252.53
freq.  25-  30:     272.72   281.90   287.31   318.14   332.42   336.33
freq.  31-  36:     346.45   349.82   386.96   441.01   461.80   505.77
freq.  37-  42:     523.05   580.80   640.39   718.54   739.33   748.47
freq.  43-  48:     768.32   790.94   817.32   818.78   868.32   876.67
freq.  49-  54:     885.30   901.73   925.44   931.99   953.76   957.03
freq.  55-  60:    1005.29  1014.54  1021.76  1032.67  1090.19  1093.88
freq.  61-  66:    1099.57  1115.44  1128.02  1131.92  1138.73  1146.54
freq.  67-  72:    1151.23  1167.70  1188.67  1212.21  1230.52  1267.45
freq.  73-  78:    1287.48  1348.66  1355.28  1360.55  1372.33  1374.20
freq.  79-  84:    1378.78  1383.89  1384.68  1385.53  1388.97  1389.59
freq.  85-  90:    1392.75  1395.45  1396.92  1397.77  1405.80  1407.03
freq.  91-  96:    1410.24  1416.87  1419.42  1440.93  1447.13  1447.50
freq.  97- 102:    1450.23  1740.48  1763.41  3002.23  3026.37  3037.79
freq. 103- 108:    3039.97  3042.65  3043.77  3045.05  3048.81  3049.62
freq. 109- 114:    3056.53  3066.64  3070.09  3073.14  3074.53  3079.70
freq. 115- 120:    3087.69  3091.04  3093.36  3094.32  3096.34  3106.48
freq. 121- 123:    3117.05  3117.60  3141.37
writing <g98.out> molden file
 !!!!!!!!!!!!!!!!!!!!!!!!!!!!!!!!!!!!!!!!!!!!!!!!!!!!
 !!!!!!!!!!!!!!!!!!!!!!!!!!!!!!!!!!!!!!!!!!!!!!!!!!!!
    incorrect curvatures of FF Hessian detected
  but dont worry because the FF PES is not exactly
 the same as the input one and re-opt may be ncessary
 in order to remove the imaginary modes. If they are 
 < 200-300 cm-1 the FF seems to be ok.
 !!!!!!!!!!!!!!!!!!!!!!!!!!!!!!!!!!!!!!!!!!!!!!!!!!!!
 !!!!!!!!!!!!!!!!!!!!!!!!!!!!!!!!!!!!!!!!!!!!!!!!!!!!
 
 vibrational frequencies from projected QM Hessian
freq.   1-   6:      -0.00    -0.00    -0.00    -0.00     0.00     0.00
freq.   7-  12:      33.33    38.12    63.68    72.69    84.21    92.89
freq.  13-  18:     105.14   108.40   126.17   130.29   149.83   179.70
freq.  19-  24:     185.95   194.52   212.92   229.10   238.51   246.80
freq.  25-  30:     264.13   273.61   287.51   337.35   338.13   344.59
freq.  31-  36:     345.74   360.76   373.69   450.53   472.24   485.19
freq.  37-  42:     510.15   562.35   644.26   724.53   747.69   749.29
freq.  43-  48:     772.73   788.25   794.49   829.49   858.30   900.05
freq.  49-  54:     916.95   947.98   972.46   985.02   992.25  1004.61
freq.  55-  60:    1008.03  1024.61  1049.06  1056.76  1100.31  1125.70
freq.  61-  66:    1133.52  1135.39  1136.21  1143.91  1160.65  1164.26
freq.  67-  72:    1172.71  1183.50  1214.55  1230.76  1268.20  1301.91
freq.  73-  78:    1314.28  1325.36  1326.04  1339.05  1368.95  1372.69
freq.  79-  84:    1375.07  1380.63  1418.84  1420.44  1432.55  1436.40
freq.  85-  90:    1440.63  1441.23  1448.09  1454.22  1457.30  1458.24
freq.  91-  96:    1460.38  1464.29  1466.02  1471.35  1473.60  1477.04
freq.  97- 102:    1482.44  1741.58  1762.15  2975.64  2982.16  2985.91
freq. 103- 108:    2990.79  2993.24  2993.49  2993.68  2994.23  3008.99
freq. 109- 114:    3031.59  3042.57  3060.79  3063.03  3072.51  3073.24
freq. 115- 120:    3073.47  3074.57  3074.92  3088.89  3089.78  3095.74
freq. 121- 123:    3101.44  3112.00  3115.13
ZPVE comparison (FF/true, kcal) :     219.468     220.488
MAD of frequencies (cm-1)       :      21.853
 
 total E(Re,input)= -4.797934418897507E-003
 total G(Re,input)=  2.961795248526270E-002
 total E(Re,input) per atom= -1.170227907048172E-004
 total G(Re,input) per atom=  7.223890850064072E-004
 (should be < 0.01)

 Fxyz =   -0.112D-16,   0.115D-16,  -0.862D-17
 Mxyz =    0.232D-16,   0.308D-16,   0.781D-17

total De molecule->atoms (Eh/kcal)=       6.658    4177.943
                    ==================
                    thermo calculation
                    ==================
 linear ? F
 Nvib=         116
 symmetry:c1
 RotN=   1.00000000000000     
ZPVE+H0-H298 (kcal) =  232.921

HOF->De (kcal) =    3887.233

HOF@298 (kcal) =    -290.710
                    ======================
                    covalent bond energies
                    ======================
 sum 12+0.5*13 terms
  C   2  C   1=   94.5      C   3  C   2=   85.3      C   4  C   2=   87.7      C   5  C   2=  103.7
  O   6  C   5=  160.1      O   7  C   5=  109.1      C   8  O   7=   92.6      C   9  C   3=   87.1
  C  10  C   9=   91.4      C  11  C   9=   93.2      C  12  C   9=  100.6      O  13  C  12=  163.8
  O  14  C  12=  108.6      C  15  O  14=   93.1      C  16  C  10=   79.0      C  17  C   1=   79.5
  H  18  C   1=  106.1      H  19  C   1=  103.7      H  20  C   3=  106.2      H  21  C   3=  105.6
  H  22  C   4=  105.5      H  23  C   4=  105.4      H  24  C   4=  106.5      H  25  C   8=  107.0
  H  26  C   8=  111.1      H  27  C   8=  111.0      H  28  C  10=  105.7      H  29  C  10=  103.9
  H  30  C  11=  106.6      H  31  C  11=  106.4      H  32  C  11=  107.3      H  33  C  15=  104.9
  H  34  C  15=  110.7      H  35  C  15=  109.8      H  36  C  16=  101.3      H  37  C  16=  104.2
  H  38  C  16=  105.0      H  39  C  17=  101.8      H  40  C  17=  104.8      H  41  C  17=  104.9
 
 writing <solvent> file.
 
 all done.
